<?xml version="1.0" encoding="UTF-8"?>
<!-- Generated by org.testng.reporters.JUnitXMLReporter -->
<testsuite ignored="2" hostname="DESKTOP-DHSI56N" failures="0" tests="3" name="Test" time="41.101" errors="0" timestamp="2025-07-06T01:46:24 IST">
  <testcase classname="inventoryTests.AddProductToCartTest" name="sample" time="0.054"/>
  <testcase classname="inventoryTests.AddProductToCartTest" name="tc_001_AddProductToCartTest" time="2.39"/>
  <testcase classname="inventoryTests.AddLowestPriceProductToCartTest" name="tc_002_AddLowestPriceProductToCartTest" time="1.443"/>
  <testcase classname="genericUtilities.BaseClass" name="@AfterSuite asConfig" time="0.0">
    <ignored/>
  </testcase> <!-- @AfterSuite asConfig -->
  <testcase classname="genericUtilities.BaseClass" name="@BeforeSuite bsConfig" time="0.0">
    <ignored/>
  </testcase> <!-- @BeforeSuite bsConfig -->
</testsuite> <!-- Test -->
