<?xml version="1.0" encoding="UTF-8"?>
<!-- Generated by org.testng.reporters.JUnitXMLReporter -->
<testsuite ignored="2" hostname="TYSS-Chaithra" failures="0" tests="3" name="Test-Runner-Edge" time="19.901" errors="0" timestamp="2025-06-17T12:17:51 IST">
  <testcase classname="inventoryTests.AddProductToCartTest" name="sample" time="0.014"/>
  <testcase classname="inventoryTests.AddProductToCartTest" name="tc_001_AddProductToCartTest" time="3.762"/>
  <testcase classname="inventoryTests.AddLowestPriceProductToCartTest" name="tc_002_AddLowestPriceProductToCartTest" time="0.594"/>
  <testcase classname="genericUtilities.BaseClass" name="@BeforeSuite bsConfig" time="0.0">
    <ignored/>
  </testcase> <!-- @BeforeSuite bsConfig -->
  <testcase classname="genericUtilities.BaseClass" name="@AfterSuite asConfig" time="0.0">
    <ignored/>
  </testcase> <!-- @AfterSuite asConfig -->
</testsuite> <!-- Test-Runner-Edge -->
