<?xml version="1.0" encoding="UTF-8"?>
<testng-results ignored="2" total="5" passed="2" failed="1" skipped="0">
  <reporter-output>
  </reporter-output>
  <suite started-at="2025-06-19T13:09:02 IST" name="Suite" finished-at="2025-06-19T13:09:22 IST" duration-ms="20532">
    <groups>
      <group name="RegressionSuite">
        <method signature="AddLowestPriceProductToCartTest.tc_002_AddLowestPriceProductToCartTest()[pri:0, instance:inventoryTests.AddLowestPriceProductToCartTest@2c1b194a]" name="tc_002_AddLowestPriceProductToCartTest" class="inventoryTests.AddLowestPriceProductToCartTest"/>
      </group> <!-- RegressionSuite -->
      <group name="SmokeSuite">
        <method signature="AddLowestPriceProductToCartTest.tc_002_AddLowestPriceProductToCartTest()[pri:0, instance:inventoryTests.AddLowestPriceProductToCartTest@2c1b194a]" name="tc_002_AddLowestPriceProductToCartTest" class="inventoryTests.AddLowestPriceProductToCartTest"/>
        <method signature="AddProductToCartTest.tc_001_AddProductToCartTest()[pri:0, instance:inventoryTests.AddProductToCartTest@316bcf94]" name="tc_001_AddProductToCartTest" class="inventoryTests.AddProductToCartTest"/>
      </group> <!-- SmokeSuite -->
    </groups>
    <test started-at="2025-06-19T13:09:02 IST" name="Test" finished-at="2025-06-19T13:09:22 IST" duration-ms="20532">
      <class name="inventoryTests.AddProductToCartTest">
        <test-method is-config="true" signature="bsConfig()[pri:0, instance:inventoryTests.AddProductToCartTest@316bcf94]" started-at="2025-06-19T13:09:02 IST" name="bsConfig" finished-at="2025-06-19T13:09:02 IST" duration-ms="16" status="PASS">
          <reporter-output>
          </reporter-output>
        </test-method> <!-- bsConfig -->
        <test-method is-config="true" signature="bcConfig()[pri:0, instance:inventoryTests.AddProductToCartTest@316bcf94]" started-at="2025-06-19T13:09:02 IST" name="bcConfig" finished-at="2025-06-19T13:09:08 IST" duration-ms="6057" status="PASS">
          <reporter-output>
          </reporter-output>
        </test-method> <!-- bcConfig -->
        <test-method is-config="true" signature="bmConfig()[pri:0, instance:inventoryTests.AddProductToCartTest@316bcf94]" started-at="2025-06-19T13:09:08 IST" name="bmConfig" finished-at="2025-06-19T13:09:09 IST" duration-ms="645" status="PASS">
          <reporter-output>
          </reporter-output>
        </test-method> <!-- bmConfig -->
        <test-method signature="sample()[pri:0, instance:inventoryTests.AddProductToCartTest@316bcf94]" started-at="2025-06-19T13:09:09 IST" name="sample" finished-at="2025-06-19T13:09:09 IST" duration-ms="32" status="FAIL">
          <exception class="java.lang.AssertionError">
            <message>
              <![CDATA[null]]>
            </message>
            <full-stacktrace>
              <![CDATA[java.lang.AssertionError: null
at org.testng.Assert.fail(Assert.java:99)
at org.testng.Assert.fail(Assert.java:106)
at inventoryTests.AddProductToCartTest.sample(AddProductToCartTest.java:53)
at java.base/jdk.internal.reflect.NativeMethodAccessorImpl.invoke0(Native Method)
at java.base/jdk.internal.reflect.NativeMethodAccessorImpl.invoke(NativeMethodAccessorImpl.java:62)
at java.base/jdk.internal.reflect.DelegatingMethodAccessorImpl.invoke(DelegatingMethodAccessorImpl.java:43)
at java.base/java.lang.reflect.Method.invoke(Method.java:566)
at org.testng.internal.MethodInvocationHelper.invokeMethod(MethodInvocationHelper.java:133)
at org.testng.internal.TestInvoker.invokeMethod(TestInvoker.java:598)
at org.testng.internal.TestInvoker.invokeTestMethod(TestInvoker.java:173)
at org.testng.internal.MethodRunner.runInSequence(MethodRunner.java:46)
at org.testng.internal.TestInvoker$MethodInvocationAgent.invoke(TestInvoker.java:824)
at org.testng.internal.TestInvoker.invokeTestMethods(TestInvoker.java:146)
at org.testng.internal.TestMethodWorker.invokeTestMethods(TestMethodWorker.java:146)
at org.testng.internal.TestMethodWorker.run(TestMethodWorker.java:128)
at java.base/java.util.ArrayList.forEach(ArrayList.java:1541)
at org.testng.TestRunner.privateRun(TestRunner.java:794)
at org.testng.TestRunner.run(TestRunner.java:596)
at org.testng.SuiteRunner.runTest(SuiteRunner.java:377)
at org.testng.SuiteRunner.runSequentially(SuiteRunner.java:371)
at org.testng.SuiteRunner.privateRun(SuiteRunner.java:332)
at org.testng.SuiteRunner.run(SuiteRunner.java:276)
at org.testng.SuiteRunnerWorker.runSuite(SuiteRunnerWorker.java:53)
at org.testng.SuiteRunnerWorker.run(SuiteRunnerWorker.java:96)
at org.testng.TestNG.runSuitesSequentially(TestNG.java:1212)
at org.testng.TestNG.runSuitesLocally(TestNG.java:1134)
at org.testng.TestNG.runSuites(TestNG.java:1063)
at org.testng.TestNG.run(TestNG.java:1031)
at org.testng.remote.AbstractRemoteTestNG.run(AbstractRemoteTestNG.java:115)
at org.testng.remote.RemoteTestNG.initAndRun(RemoteTestNG.java:251)
at org.testng.remote.RemoteTestNG.main(RemoteTestNG.java:77)
]]>
            </full-stacktrace>
          </exception> <!-- java.lang.AssertionError -->
          <reporter-output>
          </reporter-output>
        </test-method> <!-- sample -->
        <test-method is-config="true" signature="amConfig()[pri:0, instance:inventoryTests.AddProductToCartTest@316bcf94]" started-at="2025-06-19T13:09:10 IST" name="amConfig" finished-at="2025-06-19T13:09:10 IST" duration-ms="479" status="PASS">
          <reporter-output>
          </reporter-output>
        </test-method> <!-- amConfig -->
        <test-method is-config="true" signature="bmConfig()[pri:0, instance:inventoryTests.AddProductToCartTest@316bcf94]" started-at="2025-06-19T13:09:10 IST" name="bmConfig" finished-at="2025-06-19T13:09:10 IST" duration-ms="448" status="PASS">
          <reporter-output>
          </reporter-output>
        </test-method> <!-- bmConfig -->
        <test-method signature="tc_001_AddProductToCartTest()[pri:0, instance:inventoryTests.AddProductToCartTest@316bcf94]" started-at="2025-06-19T13:09:10 IST" name="tc_001_AddProductToCartTest" finished-at="2025-06-19T13:09:13 IST" duration-ms="2474" status="PASS">
          <reporter-output>
          </reporter-output>
        </test-method> <!-- tc_001_AddProductToCartTest -->
        <test-method is-config="true" signature="amConfig()[pri:0, instance:inventoryTests.AddProductToCartTest@316bcf94]" started-at="2025-06-19T13:09:13 IST" name="amConfig" finished-at="2025-06-19T13:09:13 IST" duration-ms="294" status="PASS">
          <reporter-output>
          </reporter-output>
        </test-method> <!-- amConfig -->
        <test-method is-config="true" signature="acConfig()[pri:0, instance:inventoryTests.AddProductToCartTest@316bcf94]" started-at="2025-06-19T13:09:13 IST" name="acConfig" finished-at="2025-06-19T13:09:16 IST" duration-ms="2248" status="PASS">
          <reporter-output>
          </reporter-output>
        </test-method> <!-- acConfig -->
        <test-method is-config="true" signature="asConfig()[pri:0, instance:inventoryTests.AddProductToCartTest@316bcf94]" started-at="2025-06-19T13:09:23 IST" name="asConfig" finished-at="2025-06-19T13:09:23 IST" duration-ms="1" status="PASS">
          <reporter-output>
          </reporter-output>
        </test-method> <!-- asConfig -->
      </class> <!-- inventoryTests.AddProductToCartTest -->
      <class name="inventoryTests.AddLowestPriceProductToCartTest">
        <test-method is-config="true" signature="bcConfig()[pri:0, instance:inventoryTests.AddLowestPriceProductToCartTest@2c1b194a]" started-at="2025-06-19T13:09:16 IST" name="bcConfig" finished-at="2025-06-19T13:09:18 IST" duration-ms="2009" status="PASS">
          <reporter-output>
          </reporter-output>
        </test-method> <!-- bcConfig -->
        <test-method is-config="true" signature="bmConfig()[pri:0, instance:inventoryTests.AddLowestPriceProductToCartTest@2c1b194a]" started-at="2025-06-19T13:09:18 IST" name="bmConfig" finished-at="2025-06-19T13:09:19 IST" duration-ms="1832" status="PASS">
          <reporter-output>
          </reporter-output>
        </test-method> <!-- bmConfig -->
        <test-method signature="tc_002_AddLowestPriceProductToCartTest()[pri:0, instance:inventoryTests.AddLowestPriceProductToCartTest@2c1b194a]" started-at="2025-06-19T13:09:19 IST" name="tc_002_AddLowestPriceProductToCartTest" finished-at="2025-06-19T13:09:20 IST" duration-ms="783" status="PASS">
          <reporter-output>
          </reporter-output>
        </test-method> <!-- tc_002_AddLowestPriceProductToCartTest -->
        <test-method is-config="true" signature="amConfig()[pri:0, instance:inventoryTests.AddLowestPriceProductToCartTest@2c1b194a]" started-at="2025-06-19T13:09:20 IST" name="amConfig" finished-at="2025-06-19T13:09:21 IST" duration-ms="366" status="PASS">
          <reporter-output>
          </reporter-output>
        </test-method> <!-- amConfig -->
        <test-method is-config="true" signature="acConfig()[pri:0, instance:inventoryTests.AddLowestPriceProductToCartTest@2c1b194a]" started-at="2025-06-19T13:09:21 IST" name="acConfig" finished-at="2025-06-19T13:09:22 IST" duration-ms="1895" status="PASS">
          <reporter-output>
          </reporter-output>
        </test-method> <!-- acConfig -->
      </class> <!-- inventoryTests.AddLowestPriceProductToCartTest -->
    </test> <!-- Test -->
  </suite> <!-- Suite -->
</testng-results>
