<?xml version="1.0" encoding="UTF-8"?>
<testng-results ignored="0" total="3" passed="3" failed="0" skipped="0">
  <reporter-output>
  </reporter-output>
  <suite started-at="2025-07-06T01:45:43 IST" name="Suite" finished-at="2025-07-06T01:46:24 IST" duration-ms="41101">
    <groups>
      <group name="RegressionSuite">
        <method signature="AddLowestPriceProductToCartTest.tc_002_AddLowestPriceProductToCartTest()[pri:0, instance:inventoryTests.AddLowestPriceProductToCartTest@fd07cbb]" name="tc_002_AddLowestPriceProductToCartTest" class="inventoryTests.AddLowestPriceProductToCartTest"/>
      </group> <!-- RegressionSuite -->
      <group name="SmokeSuite">
        <method signature="AddLowestPriceProductToCartTest.tc_002_AddLowestPriceProductToCartTest()[pri:0, instance:inventoryTests.AddLowestPriceProductToCartTest@fd07cbb]" name="tc_002_AddLowestPriceProductToCartTest" class="inventoryTests.AddLowestPriceProductToCartTest"/>
        <method signature="AddProductToCartTest.tc_001_AddProductToCartTest()[pri:0, instance:inventoryTests.AddProductToCartTest@7c1e2a9e]" name="tc_001_AddProductToCartTest" class="inventoryTests.AddProductToCartTest"/>
      </group> <!-- SmokeSuite -->
    </groups>
    <test started-at="2025-07-06T01:45:43 IST" name="Test" finished-at="2025-07-06T01:46:24 IST" duration-ms="41101">
      <class name="inventoryTests.AddProductToCartTest">
        <test-method is-config="true" signature="bsConfig()[pri:0, instance:inventoryTests.AddProductToCartTest@7c1e2a9e]" started-at="2025-07-06T01:45:42 IST" name="bsConfig" finished-at="2025-07-06T01:45:43 IST" duration-ms="25" status="PASS">
          <reporter-output>
          </reporter-output>
        </test-method> <!-- bsConfig -->
        <test-method is-config="true" signature="bcConfig()[pri:0, instance:inventoryTests.AddProductToCartTest@7c1e2a9e]" started-at="2025-07-06T01:45:43 IST" name="bcConfig" finished-at="2025-07-06T01:46:02 IST" duration-ms="19228" status="PASS">
          <reporter-output>
          </reporter-output>
        </test-method> <!-- bcConfig -->
        <test-method is-config="true" signature="bmConfig()[pri:0, instance:inventoryTests.AddProductToCartTest@7c1e2a9e]" started-at="2025-07-06T01:46:02 IST" name="bmConfig" finished-at="2025-07-06T01:46:04 IST" duration-ms="1186" status="PASS">
          <reporter-output>
          </reporter-output>
        </test-method> <!-- bmConfig -->
        <test-method signature="sample()[pri:0, instance:inventoryTests.AddProductToCartTest@7c1e2a9e]" started-at="2025-07-06T01:46:04 IST" name="sample" finished-at="2025-07-06T01:46:04 IST" duration-ms="54" status="PASS">
          <reporter-output>
          </reporter-output>
        </test-method> <!-- sample -->
        <test-method is-config="true" signature="amConfig()[pri:0, instance:inventoryTests.AddProductToCartTest@7c1e2a9e]" started-at="2025-07-06T01:46:04 IST" name="amConfig" finished-at="2025-07-06T01:46:04 IST" duration-ms="653" status="PASS">
          <reporter-output>
          </reporter-output>
        </test-method> <!-- amConfig -->
        <test-method is-config="true" signature="bmConfig()[pri:0, instance:inventoryTests.AddProductToCartTest@7c1e2a9e]" started-at="2025-07-06T01:46:04 IST" name="bmConfig" finished-at="2025-07-06T01:46:05 IST" duration-ms="458" status="PASS">
          <reporter-output>
          </reporter-output>
        </test-method> <!-- bmConfig -->
        <test-method signature="tc_001_AddProductToCartTest()[pri:0, instance:inventoryTests.AddProductToCartTest@7c1e2a9e]" started-at="2025-07-06T01:46:05 IST" name="tc_001_AddProductToCartTest" finished-at="2025-07-06T01:46:07 IST" duration-ms="2390" status="PASS">
          <reporter-output>
          </reporter-output>
        </test-method> <!-- tc_001_AddProductToCartTest -->
        <test-method is-config="true" signature="amConfig()[pri:0, instance:inventoryTests.AddProductToCartTest@7c1e2a9e]" started-at="2025-07-06T01:46:07 IST" name="amConfig" finished-at="2025-07-06T01:46:08 IST" duration-ms="572" status="PASS">
          <reporter-output>
          </reporter-output>
        </test-method> <!-- amConfig -->
        <test-method is-config="true" signature="acConfig()[pri:0, instance:inventoryTests.AddProductToCartTest@7c1e2a9e]" started-at="2025-07-06T01:46:08 IST" name="acConfig" finished-at="2025-07-06T01:46:10 IST" duration-ms="2273" status="PASS">
          <reporter-output>
          </reporter-output>
        </test-method> <!-- acConfig -->
        <test-method is-config="true" signature="asConfig()[pri:0, instance:inventoryTests.AddProductToCartTest@7c1e2a9e]" started-at="2025-07-06T01:46:24 IST" name="asConfig" finished-at="2025-07-06T01:46:24 IST" duration-ms="1" status="PASS">
          <reporter-output>
          </reporter-output>
        </test-method> <!-- asConfig -->
      </class> <!-- inventoryTests.AddProductToCartTest -->
      <class name="inventoryTests.AddLowestPriceProductToCartTest">
        <test-method is-config="true" signature="bcConfig()[pri:0, instance:inventoryTests.AddLowestPriceProductToCartTest@fd07cbb]" started-at="2025-07-06T01:46:10 IST" name="bcConfig" finished-at="2025-07-06T01:46:19 IST" duration-ms="8425" status="PASS">
          <reporter-output>
          </reporter-output>
        </test-method> <!-- bcConfig -->
        <test-method is-config="true" signature="bmConfig()[pri:0, instance:inventoryTests.AddLowestPriceProductToCartTest@fd07cbb]" started-at="2025-07-06T01:46:19 IST" name="bmConfig" finished-at="2025-07-06T01:46:19 IST" duration-ms="925" status="PASS">
          <reporter-output>
          </reporter-output>
        </test-method> <!-- bmConfig -->
        <test-method signature="tc_002_AddLowestPriceProductToCartTest()[pri:0, instance:inventoryTests.AddLowestPriceProductToCartTest@fd07cbb]" started-at="2025-07-06T01:46:19 IST" name="tc_002_AddLowestPriceProductToCartTest" finished-at="2025-07-06T01:46:21 IST" duration-ms="1443" status="PASS">
          <reporter-output>
          </reporter-output>
        </test-method> <!-- tc_002_AddLowestPriceProductToCartTest -->
        <test-method is-config="true" signature="amConfig()[pri:0, instance:inventoryTests.AddLowestPriceProductToCartTest@fd07cbb]" started-at="2025-07-06T01:46:21 IST" name="amConfig" finished-at="2025-07-06T01:46:22 IST" duration-ms="579" status="PASS">
          <reporter-output>
          </reporter-output>
        </test-method> <!-- amConfig -->
        <test-method is-config="true" signature="acConfig()[pri:0, instance:inventoryTests.AddLowestPriceProductToCartTest@fd07cbb]" started-at="2025-07-06T01:46:22 IST" name="acConfig" finished-at="2025-07-06T01:46:24 IST" duration-ms="2118" status="PASS">
          <reporter-output>
          </reporter-output>
        </test-method> <!-- acConfig -->
      </class> <!-- inventoryTests.AddLowestPriceProductToCartTest -->
    </test> <!-- Test -->
  </suite> <!-- Suite -->
</testng-results>
