<?xml version="1.0" encoding="UTF-8"?>
<!-- Generated by org.testng.reporters.JUnitReportReporter -->
<testsuite hostname="TYSS-Chaithra" failures="0" tests="1" name="inventoryTests.AddLowestPriceProductToCartTest" time="2.981" errors="0" timestamp="2025-06-19T13:09:23 IST" skipped="0">
  <testcase classname="inventoryTests.AddLowestPriceProductToCartTest" name="tc_002_AddLowestPriceProductToCartTest" time="2.981"/>
  <system-out/>
</testsuite> <!-- inventoryTests.AddLowestPriceProductToCartTest -->
