<?xml version="1.0" encoding="UTF-8"?>
<!-- Generated by org.testng.reporters.JUnitReportReporter -->
<testsuite hostname="DESKTOP-DHSI56N" failures="0" tests="2" name="inventoryTests.AddProductToCartTest" time="5.313" errors="0" timestamp="2025-07-06T01:46:24 IST" skipped="0">
  <testcase classname="inventoryTests.AddProductToCartTest" name="tc_001_AddProductToCartTest" time="4.148"/>
  <testcase classname="inventoryTests.AddProductToCartTest" name="sample" time="1.165"/>
</testsuite> <!-- inventoryTests.AddProductToCartTest -->
