<?xml version="1.0" encoding="UTF-8"?>
<!-- Generated by org.testng.reporters.JUnitReportReporter -->
<testsuite hostname="TYSS-Chaithra" failures="0" tests="4" name="practice.DataProviderPractice" time="0.008" errors="0" timestamp="2025-06-12T13:08:14 IST" skipped="0">
  <testcase classname="practice.DataProviderPractice" name="createCustomer" time="0.000"/>
  <system-out/>
  <testcase classname="practice.DataProviderPractice" name="createCustomer" time="0.001"/>
  <system-out/>
  <testcase classname="practice.DataProviderPractice" name="createCustomer" time="0.005"/>
  <system-out/>
  <testcase classname="practice.DataProviderPractice" name="createCustomer" time="0.002"/>
  <system-out/>
</testsuite> <!-- practice.DataProviderPractice -->
